  main.cpp
c:\program files (x86)\microsoft visual studio\2017\community\vc\tools\msvc\14.11.25503\include\xmemory0(856): error C2280: 'sf::TcpSocket::TcpSocket(const sf::TcpSocket &)': attempting to reference a deleted function
  c:\users\alumne\desktop\programacioxarxa\tallersprogramacioxarxa\taller2\deps64\include\sfml\network\tcpsocket.hpp(231): note: compiler has generated 'sf::TcpSocket::TcpSocket' here
  c:\program files (x86)\microsoft visual studio\2017\community\vc\tools\msvc\14.11.25503\include\vector(958): note: see reference to function template instantiation 'void std::_Default_allocator_traits<_Alloc>::construct<_Ty,const _Ty&>(_Alloc &,_Objty *const ,const _Ty &)' being compiled
          with
          [
              _Alloc=std::allocator<sf::TcpSocket>,
              _Ty=sf::TcpSocket,
              _Objty=sf::TcpSocket
          ]
  c:\program files (x86)\microsoft visual studio\2017\community\vc\tools\msvc\14.11.25503\include\vector(958): note: see reference to function template instantiation 'void std::_Default_allocator_traits<_Alloc>::construct<_Ty,const _Ty&>(_Alloc &,_Objty *const ,const _Ty &)' being compiled
          with
          [
              _Alloc=std::allocator<sf::TcpSocket>,
              _Ty=sf::TcpSocket,
              _Objty=sf::TcpSocket
          ]
  c:\program files (x86)\microsoft visual studio\2017\community\vc\tools\msvc\14.11.25503\include\vector(981): note: see reference to function template instantiation 'void std::vector<sf::TcpSocket,std::allocator<_Ty>>::emplace_back<const _Ty&>(const _Ty &)' being compiled
          with
          [
              _Ty=sf::TcpSocket
          ]
  c:\program files (x86)\microsoft visual studio\2017\community\vc\tools\msvc\14.11.25503\include\vector(980): note: while compiling class template member function 'void std::vector<sf::TcpSocket,std::allocator<_Ty>>::push_back(const _Ty &)'
          with
          [
              _Ty=sf::TcpSocket
          ]
  c:\users\alumne\desktop\programacioxarxa\tallersprogramacioxarxa\taller2\server\main.cpp(114): note: see reference to function template instantiation 'void std::vector<sf::TcpSocket,std::allocator<_Ty>>::push_back(const _Ty &)' being compiled
          with
          [
              _Ty=sf::TcpSocket
          ]
  c:\users\alumne\desktop\programacioxarxa\tallersprogramacioxarxa\taller2\server\main.cpp(79): note: see reference to class template instantiation 'std::vector<sf::TcpSocket,std::allocator<_Ty>>' being compiled
          with
          [
              _Ty=sf::TcpSocket
          ]
  c:\users\alumne\desktop\programacioxarxa\tallersprogramacioxarxa\taller2\deps64\include\sfml\network\tcpsocket.hpp(231): note: 'sf::TcpSocket::TcpSocket(const sf::TcpSocket &)': function was implicitly deleted because a base class invokes a deleted or inaccessible function 'sf::Socket::Socket(const sf::Socket &)'
  c:\users\alumne\desktop\programacioxarxa\tallersprogramacioxarxa\taller2\deps64\include\sfml\network\socket.hpp(179): note: 'sf::Socket::Socket(const sf::Socket &)': function was implicitly deleted because a base class invokes a deleted or inaccessible function 'sf::NonCopyable::NonCopyable(const sf::NonCopyable &)'
